<?xml version="1.0" encoding="UTF-8"?>
<testsuite xmlns:xsi="http://www.w3.org/2001/XMLSchema-instance" xsi:noNamespaceSchemaLocation="https://maven.apache.org/surefire/maven-surefire-plugin/xsd/surefire-test-report-3.0.xsd" version="3.0" name="j3s.qa.tests.runner.CucumberTestRunner" time="11.835" tests="8" errors="0" skipped="0" failures="0">
  <properties>
[...]
</properties>
  <testcase name="Create and list usersx" classname="API CRUD and data validation" time="2.876">
    <system-out><![CDATA[
  .   ____          _            __ _ _
 /\\ / ___'_ __ _ _(_)_ __  __ _ \ \ \ \
( ( )\___ | '_ | '_| | '_ \/ _` | \ \ \ \
 \\/  ___)| |_)| | | | | || (_| |  ) ) ) )
  '  |____| .__|_| |_|_| |_\__, | / / / /
 =========|_|==============|___/=/_/_/_/

 :: Spring Boot ::                (v3.3.2)

2025-09-28T16:27:29.991-07:00  INFO 38673 --- [           main] j.qa.tests.support.CucumberSpringConfig  : Starting CucumberSpringConfig using Java 17.0.14 with PID 38673 (started by sivanesan.murugesan in /Users/sivanesan.murugesan/Downloads/Siva_j3s/j3s-qa-fintech/j3s-fintech-test-suites)
2025-09-28T16:27:29.994-07:00  INFO 38673 --- [           main] j.qa.tests.support.CucumberSpringConfig  : The following 1 profile is active: "test"
2025-09-28T16:27:30.309-07:00  INFO 38673 --- [           main] j.qa.tests.support.CucumberSpringConfig  : Started CucumberSpringConfig in 0.555 seconds (process running for 1.964)

Scenario: Create and list usersx                                                &amp#27;[90m# features/api_crud.feature:3&amp#27;[0m
  &amp#27;[32mGiven &amp#27;[0m&amp#27;[32mthe backend base URL is set&amp#27;[0m                                             &amp#27;[90m# j3s.qa.tests.steps.ApiStepDefs.the_backend_base_url_is_set()&amp#27;[0m
  &amp#27;[32mWhen &amp#27;[0m&amp#27;[32mI create a user with name &amp#27;[0m&amp#27;[32m&amp#27;[1m"John Doe"&amp#27;[0m&amp#27;[32m email &amp#27;[0m&amp#27;[32m&amp#27;[1m"john@j3s.com"&amp#27;[0m&amp#27;[32m type &amp#27;[0m&amp#27;[32m&amp#27;[1m"premium"&amp#27;[0m &amp#27;[90m# j3s.qa.tests.steps.ApiStepDefs.i_create_user(java.lang.String,java.lang.String,java.lang.String)&amp#27;[0m
  &amp#27;[32mThen &amp#27;[0m&amp#27;[32mthe response code should be &amp#27;[0m&amp#27;[32m&amp#27;[1m200&amp#27;[0m                                          &amp#27;[90m# j3s.qa.tests.steps.ApiStepDefs.the_response_code_should_be(java.lang.Integer)&amp#27;[0m
  &amp#27;[32mAnd &amp#27;[0m&amp#27;[32mthe response should contain field &amp#27;[0m&amp#27;[32m&amp#27;[1m"data.id"&amp#27;[0m                               &amp#27;[90m# j3s.qa.tests.steps.ApiStepDefs.response_should_contain_field(java.lang.String)&amp#27;[0m
  &amp#27;[32mWhen &amp#27;[0m&amp#27;[32mI request the list of users&amp#27;[0m                                              &amp#27;[90m# j3s.qa.tests.steps.ApiStepDefs.i_request_users()&amp#27;[0m
  &amp#27;[32mThen &amp#27;[0m&amp#27;[32mthe response code should be &amp#27;[0m&amp#27;[32m&amp#27;[1m200&amp#27;[0m                                          &amp#27;[90m# j3s.qa.tests.steps.ApiStepDefs.the_response_code_should_be(java.lang.Integer)&amp#27;[0m
  &amp#27;[32mAnd &amp#27;[0m&amp#27;[32mthe list should contain at least &amp#27;[0m&amp#27;[32m&amp#27;[1m1&amp#27;[0m&amp#27;[32m user&amp#27;[0m                                   &amp#27;[90m# j3s.qa.tests.steps.ApiStepDefs.list_contains_users(java.lang.Integer)&amp#27;[0m
]]></system-out>
  </testcase>
  <testcase name="Create transaction between two users" classname="API CRUD and data validation" time="0.099">
    <system-out><![CDATA[
Scenario: Create transaction between two users                                &amp#27;[90m# features/api_crud.feature:12&amp#27;[0m
  &amp#27;[32mGiven &amp#27;[0m&amp#27;[32mthe backend base URL is set&amp#27;[0m                                           &amp#27;[90m# j3s.qa.tests.steps.ApiStepDefs.the_backend_base_url_is_set()&amp#27;[0m
  &amp#27;[32mAnd &amp#27;[0m&amp#27;[32mI create a user with name &amp#27;[0m&amp#27;[32m&amp#27;[1m"Alice"&amp#27;[0m&amp#27;[32m email &amp#27;[0m&amp#27;[32m&amp#27;[1m"alice@j3s.com"&amp#27;[0m&amp#27;[32m type &amp#27;[0m&amp#27;[32m&amp#27;[1m"standard"&amp#27;[0m &amp#27;[90m# j3s.qa.tests.steps.ApiStepDefs.i_create_user(java.lang.String,java.lang.String,java.lang.String)&amp#27;[0m
  &amp#27;[32mAnd &amp#27;[0m&amp#27;[32mI create a user with name &amp#27;[0m&amp#27;[32m&amp#27;[1m"Bob"&amp#27;[0m&amp#27;[32m email &amp#27;[0m&amp#27;[32m&amp#27;[1m"bob@j3s.com"&amp#27;[0m&amp#27;[32m type &amp#27;[0m&amp#27;[32m&amp#27;[1m"standard"&amp#27;[0m     &amp#27;[90m# j3s.qa.tests.steps.ApiStepDefs.i_create_user(java.lang.String,java.lang.String,java.lang.String)&amp#27;[0m
  &amp#27;[32mWhen &amp#27;[0m&amp#27;[32mI create a transfer of &amp#27;[0m&amp#27;[32m&amp#27;[1m50.25&amp#27;[0m&amp#27;[32m from the last user to the previous user&amp#27;[0m   &amp#27;[90m# j3s.qa.tests.steps.ApiStepDefs.i_create_transfer_between_last_two(double)&amp#27;[0m
  &amp#27;[32mThen &amp#27;[0m&amp#27;[32mthe response code should be &amp#27;[0m&amp#27;[32m&amp#27;[1m200&amp#27;[0m                                        &amp#27;[90m# j3s.qa.tests.steps.ApiStepDefs.the_response_code_should_be(java.lang.Integer)&amp#27;[0m
  &amp#27;[32mAnd &amp#27;[0m&amp#27;[32mthe response message should contain &amp#27;[0m&amp#27;[32m&amp#27;[1m"Transfer successful"&amp#27;[0m               &amp#27;[90m# j3s.qa.tests.steps.ApiStepDefs.message_contains(java.lang.String)&amp#27;[0m
]]></system-out>
  </testcase>
  <testcase name="Validation errors for user creation" classname="API error handling and (placeholder) auth tests" time="0.052">
    <system-out><![CDATA[
Scenario: Validation errors for user creation                   &amp#27;[90m# features/api_errors_auth.feature:6&amp#27;[0m
  &amp#27;[32mGiven &amp#27;[0m&amp#27;[32mthe backend base URL is set&amp#27;[0m                             &amp#27;[90m# j3s.qa.tests.steps.ApiStepDefs.the_backend_base_url_is_set()&amp#27;[0m
  &amp#27;[32mWhen &amp#27;[0m&amp#27;[32mI try to create a user with invalid email &amp#27;[0m&amp#27;[32m&amp#27;[1m"not-an-email"&amp#27;[0m &amp#27;[90m# j3s.qa.tests.steps.ApiStepDefs.create_user_invalid_email(java.lang.String)&amp#27;[0m
  &amp#27;[32mThen &amp#27;[0m&amp#27;[32mthe response code should be &amp#27;[0m&amp#27;[32m&amp#27;[1m400&amp#27;[0m                          &amp#27;[90m# j3s.qa.tests.steps.ApiStepDefs.the_response_code_should_be(java.lang.Integer)&amp#27;[0m
]]></system-out>
  </testcase>
  <testcase name="Insufficient funds" classname="API error handling and (placeholder) auth tests" time="0.065">
    <system-out><![CDATA[
Scenario: Insufficient funds                                                  &amp#27;[90m# features/api_errors_auth.feature:10&amp#27;[0m
  &amp#27;[32mGiven &amp#27;[0m&amp#27;[32mthe backend base URL is set&amp#27;[0m                                           &amp#27;[90m# j3s.qa.tests.steps.ApiStepDefs.the_backend_base_url_is_set()&amp#27;[0m
  &amp#27;[32mGiven &amp#27;[0m&amp#27;[32mI create a user with name &amp#27;[0m&amp#27;[32m&amp#27;[1m"Low"&amp#27;[0m&amp#27;[32m email &amp#27;[0m&amp#27;[32m&amp#27;[1m"low@j3s.com"&amp#27;[0m&amp#27;[32m type &amp#27;[0m&amp#27;[32m&amp#27;[1m"standard"&amp#27;[0m   &amp#27;[90m# j3s.qa.tests.steps.ApiStepDefs.i_create_user(java.lang.String,java.lang.String,java.lang.String)&amp#27;[0m
  &amp#27;[32mAnd &amp#27;[0m&amp#27;[32mI create a user with name &amp#27;[0m&amp#27;[32m&amp#27;[1m"Rich"&amp#27;[0m&amp#27;[32m email &amp#27;[0m&amp#27;[32m&amp#27;[1m"rich@j3s.com"&amp#27;[0m&amp#27;[32m type &amp#27;[0m&amp#27;[32m&amp#27;[1m"standard"&amp#27;[0m   &amp#27;[90m# j3s.qa.tests.steps.ApiStepDefs.i_create_user(java.lang.String,java.lang.String,java.lang.String)&amp#27;[0m
  &amp#27;[32mWhen &amp#27;[0m&amp#27;[32mI create a transfer of &amp#27;[0m&amp#27;[32m&amp#27;[1m2000.00&amp#27;[0m&amp#27;[32m from the last user to the previous user&amp#27;[0m &amp#27;[90m# j3s.qa.tests.steps.ApiStepDefs.i_create_transfer_between_last_two(double)&amp#27;[0m
  &amp#27;[32mThen &amp#27;[0m&amp#27;[32mthe response code should be &amp#27;[0m&amp#27;[32m&amp#27;[1m400&amp#27;[0m                                        &amp#27;[90m# j3s.qa.tests.steps.ApiStepDefs.the_response_code_should_be(java.lang.Integer)&amp#27;[0m
  &amp#27;[32mAnd &amp#27;[0m&amp#27;[32mthe response message should contain &amp#27;[0m&amp#27;[32m&amp#27;[1m"Insufficient funds"&amp#27;[0m                &amp#27;[90m# j3s.qa.tests.steps.ApiStepDefs.message_contains(java.lang.String)&amp#27;[0m
]]></system-out>
  </testcase>
  <testcase name="Placeholder auth test (no auth required in sample backend)" classname="API error handling and (placeholder) auth tests" time="0.037">
    <system-out><![CDATA[
Scenario: Placeholder auth test (no auth required in sample backend)             &amp#27;[90m# features/api_errors_auth.feature:17&amp#27;[0m
  &amp#27;[32mGiven &amp#27;[0m&amp#27;[32mthe backend base URL is set&amp#27;[0m                                              &amp#27;[90m# j3s.qa.tests.steps.ApiStepDefs.the_backend_base_url_is_set()&amp#27;[0m
  &amp#27;[32mWhen &amp#27;[0m&amp#27;[32mI create a user with name &amp#27;[0m&amp#27;[32m&amp#27;[1m"NoAuth"&amp#27;[0m&amp#27;[32m email &amp#27;[0m&amp#27;[32m&amp#27;[1m"noauth@j3s.com"&amp#27;[0m&amp#27;[32m type &amp#27;[0m&amp#27;[32m&amp#27;[1m"standard"&amp#27;[0m &amp#27;[90m# j3s.qa.tests.steps.ApiStepDefs.i_create_user(java.lang.String,java.lang.String,java.lang.String)&amp#27;[0m
  &amp#27;[32mThen &amp#27;[0m&amp#27;[32mthe response code should be &amp#27;[0m&amp#27;[32m&amp#27;[1m200&amp#27;[0m                                           &amp#27;[90m# j3s.qa.tests.steps.ApiStepDefs.the_response_code_should_be(java.lang.Integer)&amp#27;[0m
  &amp#27;[32mAnd &amp#27;[0m&amp#27;[32mthe response json path &amp#27;[0m&amp#27;[32m&amp#27;[1m"success"&amp#27;[0m&amp#27;[32m should be true&amp#27;[0m                            &amp#27;[90m# j3s.qa.tests.steps.ApiStepDefs.the_response_json_path_should_be_true(java.lang.String)&amp#27;[0m
]]></system-out>
  </testcase>
  <testcase name="User registration flow" classname="UI flows on mock frontend" time="2.129">
    <system-out><![CDATA[
Scenario: User registration flow                                  &amp#27;[90m# features/ui_flows.feature:7&amp#27;[0m
  &amp#27;[32mGiven &amp#27;[0m&amp#27;[32mthe mock UI server is running&amp#27;[0m                             &amp#27;[90m# j3s.qa.tests.steps.UiStepDefs.mock_ui_running()&amp#27;[0m
  &amp#27;[32mAnd &amp#27;[0m&amp#27;[32mthe backend base URL is set&amp#27;[0m                                 &amp#27;[90m# j3s.qa.tests.steps.ApiStepDefs.the_backend_base_url_is_set()&amp#27;[0m
************getting driver....
2025-09-28T16:27:32.884-07:00  INFO 38673 --- [           main] i.g.bonigarcia.wdm.WebDriverManager      : Using chromedriver 140.0.7339.207 (resolved driver for Chrome 140)
2025-09-28T16:27:32.899-07:00  INFO 38673 --- [           main] i.g.bonigarcia.wdm.WebDriverManager      : Exporting webdriver.chrome.driver as /Users/sivanesan.murugesan/.cache/selenium/chromedriver/mac64/140.0.7339.207/chromedriver
2025-09-28T16:27:33.980-07:00  WARN 38673 --- [           main] o.o.selenium.devtools.CdpVersionFinder   : Unable to find CDP implementation matching 140
2025-09-28T16:27:33.980-07:00  WARN 38673 --- [           main] o.o.selenium.chromium.ChromiumDriver     : Unable to find version of CDP to use for 140.0.7339.208. You may need to include a dependency on a specific version of the CDP using something similar to `org.seleniumhq.selenium:selenium-devtools-v86:4.19.1` where the version ("v86") matches the version of the chromium-based browser you're using and the version number of the artifact is the same as Selenium's.
  &amp#27;[32mWhen &amp#27;[0m&amp#27;[32mI open the mock UI&amp#27;[0m                                         &amp#27;[90m# j3s.qa.tests.steps.UiStepDefs.open_mock_ui()&amp#27;[0m
  &amp#27;[32mAnd &amp#27;[0m&amp#27;[32mI register user &amp#27;[0m&amp#27;[32m&amp#27;[1m"Jane Roe"&amp#27;[0m&amp#27;[32m with &amp#27;[0m&amp#27;[32m&amp#27;[1m"jane@j3s.com"&amp#27;[0m&amp#27;[32m as &amp#27;[0m&amp#27;[32m&amp#27;[1m"premium"&amp#27;[0m &amp#27;[90m# j3s.qa.tests.steps.UiStepDefs.register_user(java.lang.String,java.lang.String,java.lang.String)&amp#27;[0m
  &amp#27;[32mThen &amp#27;[0m&amp#27;[32mI should see a status message containing &amp#27;[0m&amp#27;[32m&amp#27;[1m"User created"&amp#27;[0m    &amp#27;[90m# j3s.qa.tests.steps.UiStepDefs.i_should_see_a_status_message_containing(java.lang.String)&amp#27;[0m
]]></system-out>
  </testcase>
  <testcase name="Transaction creation flow" classname="UI flows on mock frontend" time="4.748">
    <system-out><![CDATA[
Scenario: Transaction creation flow                                  &amp#27;[90m# features/ui_flows.feature:12&amp#27;[0m
  &amp#27;[32mGiven &amp#27;[0m&amp#27;[32mthe mock UI server is running&amp#27;[0m                                &amp#27;[90m# j3s.qa.tests.steps.UiStepDefs.mock_ui_running()&amp#27;[0m
  &amp#27;[32mAnd &amp#27;[0m&amp#27;[32mthe backend base URL is set&amp#27;[0m                                    &amp#27;[90m# j3s.qa.tests.steps.ApiStepDefs.the_backend_base_url_is_set()&amp#27;[0m
************getting driver....
2025-09-28T16:27:34.834-07:00  INFO 38673 --- [           main] i.g.bonigarcia.wdm.WebDriverManager      : Using chromedriver 140.0.7339.207 (resolved driver for Chrome 140)
2025-09-28T16:27:34.838-07:00  INFO 38673 --- [           main] i.g.bonigarcia.wdm.WebDriverManager      : Exporting webdriver.chrome.driver as /Users/sivanesan.murugesan/.cache/selenium/chromedriver/mac64/140.0.7339.207/chromedriver
2025-09-28T16:27:35.502-07:00  WARN 38673 --- [           main] o.o.selenium.devtools.CdpVersionFinder   : Unable to find CDP implementation matching 140
2025-09-28T16:27:35.503-07:00  WARN 38673 --- [           main] o.o.selenium.chromium.ChromiumDriver     : Unable to find version of CDP to use for 140.0.7339.208. You may need to include a dependency on a specific version of the CDP using something similar to `org.seleniumhq.selenium:selenium-devtools-v86:4.19.1` where the version ("v86") matches the version of the chromium-based browser you're using and the version number of the artifact is the same as Selenium's.
  &amp#27;[32mWhen &amp#27;[0m&amp#27;[32mI open the mock UI&amp#27;[0m                                            &amp#27;[90m# j3s.qa.tests.steps.UiStepDefs.open_mock_ui()&amp#27;[0m
****user 'alice+1759102055693@j3s.com' in row: 100 John Doe john@j3s.com premium 1000.00
****user 'alice+1759102055693@j3s.com' in row: 101 Alice alice@j3s.com standard 1050.25
****user 'alice+1759102055693@j3s.com' in row: 102 Bob bob@j3s.com standard 949.75
****user 'alice+1759102055693@j3s.com' in row: 103 Low low@j3s.com standard 1000.00
****user 'alice+1759102055693@j3s.com' in row: 104 Rich rich@j3s.com standard 1000.00
****user 'alice+1759102055693@j3s.com' in row: 105 NoAuth noauth@j3s.com standard 1000.00
****user 'alice+1759102055693@j3s.com' in row: 106 Jane Roe jane@j3s.com premium 1000.00
****user 'alice+1759102055693@j3s.com' in row: 107 Alice alice+1759102055693@j3s.com standard 1000.00
Found user 'alice+1759102055693@j3s.com' in row: 107 Alice alice+1759102055693@j3s.com standard 1000.00
****** newUserId: 107
****user 'bob+1759102056486@j3s.com' in row: 100 John Doe john@j3s.com premium 1000.00
****user 'bob+1759102056486@j3s.com' in row: 101 Alice alice@j3s.com standard 1050.25
****user 'bob+1759102056486@j3s.com' in row: 102 Bob bob@j3s.com standard 949.75
****user 'bob+1759102056486@j3s.com' in row: 103 Low low@j3s.com standard 1000.00
****user 'bob+1759102056486@j3s.com' in row: 104 Rich rich@j3s.com standard 1000.00
****user 'bob+1759102056486@j3s.com' in row: 105 NoAuth noauth@j3s.com standard 1000.00
****user 'bob+1759102056486@j3s.com' in row: 106 Jane Roe jane@j3s.com premium 1000.00
****user 'bob+1759102056486@j3s.com' in row: 107 Alice alice+1759102055693@j3s.com standard 1000.00
****user 'bob+1759102056486@j3s.com' in row: 108 Bob bob+1759102056486@j3s.com standard 1000.00
Found user 'bob+1759102056486@j3s.com' in row: 108 Bob bob+1759102056486@j3s.com standard 1000.00
****** newUserId: 108
****user 'bob+1759102057154@j3s.com' in row: 100 John Doe john@j3s.com premium 1000.00
****user 'bob+1759102057154@j3s.com' in row: 101 Alice alice@j3s.com standard 1050.25
****user 'bob+1759102057154@j3s.com' in row: 102 Bob bob@j3s.com standard 949.75
****user 'bob+1759102057154@j3s.com' in row: 103 Low low@j3s.com standard 1000.00
****user 'bob+1759102057154@j3s.com' in row: 104 Rich rich@j3s.com standard 1000.00
****user 'bob+1759102057154@j3s.com' in row: 105 NoAuth noauth@j3s.com standard 1000.00
****user 'bob+1759102057154@j3s.com' in row: 106 Jane Roe jane@j3s.com premium 1000.00
****user 'bob+1759102057154@j3s.com' in row: 107 Alice alice+1759102055693@j3s.com standard 1000.00
****user 'bob+1759102057154@j3s.com' in row: 108 Bob bob+1759102056486@j3s.com standard 1000.00
****user 'bob+1759102057154@j3s.com' in row: 109 Bob bob+1759102057154@j3s.com standard 1000.00
Found user 'bob+1759102057154@j3s.com' in row: 109 Bob bob+1759102057154@j3s.com standard 1000.00
****** newUserId: 109
****user 'bob+1759102057829@j3s.com' in row: 110 Bob bob+1759102057829@j3s.com standard 1000.00
Found user 'bob+1759102057829@j3s.com' in row: 110 Bob bob+1759102057829@j3s.com standard 1000.00
****** newUserId: 110
****user 'bob+1759102058380@j3s.com' in row: 110 Bob bob+1759102057829@j3s.com standard 1000.00
****user 'bob+1759102058380@j3s.com' in row: 100 John Doe john@j3s.com premium 1000.00
****user 'bob+1759102058380@j3s.com' in row: 111 Bob bob+1759102058380@j3s.com standard 1000.00
Found user 'bob+1759102058380@j3s.com' in row: 111 Bob bob+1759102058380@j3s.com standard 1000.00
****** newUserId: 111
  &amp#27;[32mAnd &amp#27;[0m&amp#27;[32mI ensure users exist for a transfer&amp#27;[0m                            &amp#27;[90m# j3s.qa.tests.steps.UiStepDefs.i_ensure_users_exist_for_a_transfer()&amp#27;[0m
**** before submitting: lastTxnUserIds: [107, 108]
  &amp#27;[32mAnd &amp#27;[0m&amp#27;[32mI submit a transfer of &amp#27;[0m&amp#27;[32m&amp#27;[1m10.5&amp#27;[0m&amp#27;[32m between the last two created users&amp#27;[0m &amp#27;[90m# j3s.qa.tests.steps.UiStepDefs.i_submit_a_transfer_of_between_the_last_two_created_users(java.lang.Double)&amp#27;[0m
  &amp#27;[32mAnd &amp#27;[0m&amp#27;[32mI reload the mock UI&amp#27;[0m                                           &amp#27;[90m# j3s.qa.tests.steps.UiStepDefs.reload_mock_ui()&amp#27;[0m
*******Rows count: 2
****lastTxnUserIds: [107, 108]
***transaction rows: :1001 107 108 10.5 transfer 2025-09-28T23:27:39.494143Z
***transaction rows: :1000 102 101 50.25 transfer 2025-09-28T23:27:32.527533Z
  &amp#27;[32mThen &amp#27;[0m&amp#27;[32mI should see the respective transaction rows&amp#27;[0m                  &amp#27;[90m# j3s.qa.tests.steps.UiStepDefs.i_should_see_the_respective_transaction_rows()&amp#27;[0m
]]></system-out>
  </testcase>
  <testcase name="Transfer to invalid recipient" classname="UI flows on mock frontend" time="1.368">
    <system-out><![CDATA[
Scenario: Transfer to invalid recipient                                         &amp#27;[90m# features/ui_flows.feature:19&amp#27;[0m
  &amp#27;[32mGiven &amp#27;[0m&amp#27;[32mthe mock UI server is running&amp#27;[0m                                           &amp#27;[90m# j3s.qa.tests.steps.UiStepDefs.mock_ui_running()&amp#27;[0m
  &amp#27;[32mAnd &amp#27;[0m&amp#27;[32mthe backend base URL is set&amp#27;[0m                                               &amp#27;[90m# j3s.qa.tests.steps.ApiStepDefs.the_backend_base_url_is_set()&amp#27;[0m
************getting driver....
2025-09-28T16:27:39.584-07:00  INFO 38673 --- [           main] i.g.bonigarcia.wdm.WebDriverManager      : Using chromedriver 140.0.7339.207 (resolved driver for Chrome 140)
2025-09-28T16:27:39.587-07:00  INFO 38673 --- [           main] i.g.bonigarcia.wdm.WebDriverManager      : Exporting webdriver.chrome.driver as /Users/sivanesan.murugesan/.cache/selenium/chromedriver/mac64/140.0.7339.207/chromedriver
2025-09-28T16:27:40.302-07:00  WARN 38673 --- [           main] o.o.selenium.devtools.CdpVersionFinder   : Unable to find CDP implementation matching 140
2025-09-28T16:27:40.302-07:00  WARN 38673 --- [           main] o.o.selenium.chromium.ChromiumDriver     : Unable to find version of CDP to use for 140.0.7339.208. You may need to include a dependency on a specific version of the CDP using something similar to `org.seleniumhq.selenium:selenium-devtools-v86:4.19.1` where the version ("v86") matches the version of the chromium-based browser you're using and the version number of the artifact is the same as Selenium's.
  &amp#27;[32mWhen &amp#27;[0m&amp#27;[32mI open the mock UI&amp#27;[0m                                                       &amp#27;[90m# j3s.qa.tests.steps.UiStepDefs.open_mock_ui()&amp#27;[0m
  &amp#27;[32mAnd &amp#27;[0m&amp#27;[32mI submit a transfer to a invalid recipient&amp#27;[0m                                &amp#27;[90m# j3s.qa.tests.steps.UiStepDefs.i_submit_a_transfer_to_a_invalid_recipient()&amp#27;[0m
  &amp#27;[32mThen &amp#27;[0m&amp#27;[32mI should see a status message containing &amp#27;[0m&amp#27;[32m&amp#27;[1m"Invalid userId or recipientId"&amp#27;[0m &amp#27;[90m# j3s.qa.tests.steps.UiStepDefs.i_should_see_a_status_message_containing(java.lang.String)&amp#27;[0m
]]></system-out>
  </testcase>
</testsuite>