<?xml version="1.0" encoding="UTF-8"?>
<testsuite xmlns:xsi="http://www.w3.org/2001/XMLSchema-instance" xsi:noNamespaceSchemaLocation="https://maven.apache.org/surefire/maven-surefire-plugin/xsd/surefire-test-report-3.0.xsd" version="3.0" name="j3s.qa.tests.runner.CucumberTestRunner" time="15.905" tests="8" errors="0" skipped="0" failures="0">
  <properties>
[...]
</properties>
  <testcase name="Create and list usersx" classname="API CRUD and data validation" time="2.793">
    <system-out><![CDATA[
  .   ____          _            __ _ _
 /\\ / ___'_ __ _ _(_)_ __  __ _ \ \ \ \
( ( )\___ | '_ | '_| | '_ \/ _` | \ \ \ \
 \\/  ___)| |_)| | | | | || (_| |  ) ) ) )
  '  |____| .__|_| |_|_| |_\__, | / / / /
 =========|_|==============|___/=/_/_/_/

 :: Spring Boot ::                (v3.3.2)

2025-09-28T14:56:48.526-07:00  INFO 30688 --- [           main] j.qa.tests.support.CucumberSpringConfig  : Starting CucumberSpringConfig using Java 17.0.14 with PID 30688 (started by sivanesan.murugesan in /Users/sivanesan.murugesan/Downloads/Siva_j3s/fintech-test-suites-fixed)
2025-09-28T14:56:48.529-07:00  INFO 30688 --- [           main] j.qa.tests.support.CucumberSpringConfig  : The following 1 profile is active: "test"
2025-09-28T14:56:48.842-07:00  INFO 30688 --- [           main] j.qa.tests.support.CucumberSpringConfig  : Started CucumberSpringConfig in 0.583 seconds (process running for 1.75)

Scenario: Create and list usersx                                                    &amp#27;[90m# features/api_crud.feature:3&amp#27;[0m
  &amp#27;[32mGiven &amp#27;[0m&amp#27;[32mthe backend base URL is set&amp#27;[0m                                                 &amp#27;[90m# j3s.qa.tests.steps.ApiStepDefs.the_backend_base_url_is_set()&amp#27;[0m
  &amp#27;[32mWhen &amp#27;[0m&amp#27;[32mI create a user with name &amp#27;[0m&amp#27;[32m&amp#27;[1m"John Doe"&amp#27;[0m&amp#27;[32m email &amp#27;[0m&amp#27;[32m&amp#27;[1m"john@example.com"&amp#27;[0m&amp#27;[32m type &amp#27;[0m&amp#27;[32m&amp#27;[1m"premium"&amp#27;[0m &amp#27;[90m# j3s.qa.tests.steps.ApiStepDefs.i_create_user(java.lang.String,java.lang.String,java.lang.String)&amp#27;[0m
  &amp#27;[32mThen &amp#27;[0m&amp#27;[32mthe response code should be &amp#27;[0m&amp#27;[32m&amp#27;[1m200&amp#27;[0m                                              &amp#27;[90m# j3s.qa.tests.steps.ApiStepDefs.the_response_code_should_be(java.lang.Integer)&amp#27;[0m
  &amp#27;[32mAnd &amp#27;[0m&amp#27;[32mthe response should contain field &amp#27;[0m&amp#27;[32m&amp#27;[1m"data.id"&amp#27;[0m                                   &amp#27;[90m# j3s.qa.tests.steps.ApiStepDefs.response_should_contain_field(java.lang.String)&amp#27;[0m
  &amp#27;[32mWhen &amp#27;[0m&amp#27;[32mI request the list of users&amp#27;[0m                                                  &amp#27;[90m# j3s.qa.tests.steps.ApiStepDefs.i_request_users()&amp#27;[0m
  &amp#27;[32mThen &amp#27;[0m&amp#27;[32mthe response code should be &amp#27;[0m&amp#27;[32m&amp#27;[1m200&amp#27;[0m                                              &amp#27;[90m# j3s.qa.tests.steps.ApiStepDefs.the_response_code_should_be(java.lang.Integer)&amp#27;[0m
  &amp#27;[32mAnd &amp#27;[0m&amp#27;[32mthe list should contain at least &amp#27;[0m&amp#27;[32m&amp#27;[1m1&amp#27;[0m&amp#27;[32m user&amp#27;[0m                                       &amp#27;[90m# j3s.qa.tests.steps.ApiStepDefs.list_contains_users(java.lang.Integer)&amp#27;[0m
]]></system-out>
  </testcase>
  <testcase name="Create transaction between two users" classname="API CRUD and data validation" time="0.081">
    <system-out><![CDATA[
Scenario: Create transaction between two users                                    &amp#27;[90m# features/api_crud.feature:12&amp#27;[0m
  &amp#27;[32mGiven &amp#27;[0m&amp#27;[32mthe backend base URL is set&amp#27;[0m                                               &amp#27;[90m# j3s.qa.tests.steps.ApiStepDefs.the_backend_base_url_is_set()&amp#27;[0m
  &amp#27;[32mAnd &amp#27;[0m&amp#27;[32mI create a user with name &amp#27;[0m&amp#27;[32m&amp#27;[1m"Alice"&amp#27;[0m&amp#27;[32m email &amp#27;[0m&amp#27;[32m&amp#27;[1m"alice@example.com"&amp#27;[0m&amp#27;[32m type &amp#27;[0m&amp#27;[32m&amp#27;[1m"standard"&amp#27;[0m &amp#27;[90m# j3s.qa.tests.steps.ApiStepDefs.i_create_user(java.lang.String,java.lang.String,java.lang.String)&amp#27;[0m
  &amp#27;[32mAnd &amp#27;[0m&amp#27;[32mI create a user with name &amp#27;[0m&amp#27;[32m&amp#27;[1m"Bob"&amp#27;[0m&amp#27;[32m email &amp#27;[0m&amp#27;[32m&amp#27;[1m"bob@example.com"&amp#27;[0m&amp#27;[32m type &amp#27;[0m&amp#27;[32m&amp#27;[1m"standard"&amp#27;[0m     &amp#27;[90m# j3s.qa.tests.steps.ApiStepDefs.i_create_user(java.lang.String,java.lang.String,java.lang.String)&amp#27;[0m
  &amp#27;[32mWhen &amp#27;[0m&amp#27;[32mI create a transfer of &amp#27;[0m&amp#27;[32m&amp#27;[1m50.25&amp#27;[0m&amp#27;[32m from the last user to the previous user&amp#27;[0m       &amp#27;[90m# j3s.qa.tests.steps.ApiStepDefs.i_create_transfer_between_last_two(double)&amp#27;[0m
  &amp#27;[32mThen &amp#27;[0m&amp#27;[32mthe response code should be &amp#27;[0m&amp#27;[32m&amp#27;[1m200&amp#27;[0m                                            &amp#27;[90m# j3s.qa.tests.steps.ApiStepDefs.the_response_code_should_be(java.lang.Integer)&amp#27;[0m
  &amp#27;[32mAnd &amp#27;[0m&amp#27;[32mthe response message should contain &amp#27;[0m&amp#27;[32m&amp#27;[1m"Transfer successful"&amp#27;[0m                   &amp#27;[90m# j3s.qa.tests.steps.ApiStepDefs.message_contains(java.lang.String)&amp#27;[0m
]]></system-out>
  </testcase>
  <testcase name="Validation errors for user creation" classname="API error handling and (placeholder) auth tests" time="0.025">
    <system-out><![CDATA[
Scenario: Validation errors for user creation                   &amp#27;[90m# features/api_errors_auth.feature:6&amp#27;[0m
  &amp#27;[32mGiven &amp#27;[0m&amp#27;[32mthe backend base URL is set&amp#27;[0m                             &amp#27;[90m# j3s.qa.tests.steps.ApiStepDefs.the_backend_base_url_is_set()&amp#27;[0m
  &amp#27;[32mWhen &amp#27;[0m&amp#27;[32mI try to create a user with invalid email &amp#27;[0m&amp#27;[32m&amp#27;[1m"not-an-email"&amp#27;[0m &amp#27;[90m# j3s.qa.tests.steps.ApiStepDefs.create_user_invalid_email(java.lang.String)&amp#27;[0m
  &amp#27;[32mThen &amp#27;[0m&amp#27;[32mthe response code should be &amp#27;[0m&amp#27;[32m&amp#27;[1m400&amp#27;[0m                          &amp#27;[90m# j3s.qa.tests.steps.ApiStepDefs.the_response_code_should_be(java.lang.Integer)&amp#27;[0m
]]></system-out>
  </testcase>
  <testcase name="Insufficient funds" classname="API error handling and (placeholder) auth tests" time="0.058">
    <system-out><![CDATA[
Scenario: Insufficient funds                                                    &amp#27;[90m# features/api_errors_auth.feature:10&amp#27;[0m
  &amp#27;[32mGiven &amp#27;[0m&amp#27;[32mthe backend base URL is set&amp#27;[0m                                             &amp#27;[90m# j3s.qa.tests.steps.ApiStepDefs.the_backend_base_url_is_set()&amp#27;[0m
  &amp#27;[32mGiven &amp#27;[0m&amp#27;[32mI create a user with name &amp#27;[0m&amp#27;[32m&amp#27;[1m"Low"&amp#27;[0m&amp#27;[32m email &amp#27;[0m&amp#27;[32m&amp#27;[1m"low@example.com"&amp#27;[0m&amp#27;[32m type &amp#27;[0m&amp#27;[32m&amp#27;[1m"standard"&amp#27;[0m &amp#27;[90m# j3s.qa.tests.steps.ApiStepDefs.i_create_user(java.lang.String,java.lang.String,java.lang.String)&amp#27;[0m
  &amp#27;[32mAnd &amp#27;[0m&amp#27;[32mI create a user with name &amp#27;[0m&amp#27;[32m&amp#27;[1m"Rich"&amp#27;[0m&amp#27;[32m email &amp#27;[0m&amp#27;[32m&amp#27;[1m"rich@example.com"&amp#27;[0m&amp#27;[32m type &amp#27;[0m&amp#27;[32m&amp#27;[1m"standard"&amp#27;[0m &amp#27;[90m# j3s.qa.tests.steps.ApiStepDefs.i_create_user(java.lang.String,java.lang.String,java.lang.String)&amp#27;[0m
  &amp#27;[32mWhen &amp#27;[0m&amp#27;[32mI create a transfer of &amp#27;[0m&amp#27;[32m&amp#27;[1m2000.00&amp#27;[0m&amp#27;[32m from the last user to the previous user&amp#27;[0m   &amp#27;[90m# j3s.qa.tests.steps.ApiStepDefs.i_create_transfer_between_last_two(double)&amp#27;[0m
  &amp#27;[32mThen &amp#27;[0m&amp#27;[32mthe response code should be &amp#27;[0m&amp#27;[32m&amp#27;[1m400&amp#27;[0m                                          &amp#27;[90m# j3s.qa.tests.steps.ApiStepDefs.the_response_code_should_be(java.lang.Integer)&amp#27;[0m
  &amp#27;[32mAnd &amp#27;[0m&amp#27;[32mthe response message should contain &amp#27;[0m&amp#27;[32m&amp#27;[1m"Insufficient funds"&amp#27;[0m                  &amp#27;[90m# j3s.qa.tests.steps.ApiStepDefs.message_contains(java.lang.String)&amp#27;[0m
]]></system-out>
  </testcase>
  <testcase name="Placeholder auth test (no auth required in sample backend)" classname="API error handling and (placeholder) auth tests" time="0.033">
    <system-out><![CDATA[
Scenario: Placeholder auth test (no auth required in sample backend)                 &amp#27;[90m# features/api_errors_auth.feature:17&amp#27;[0m
  &amp#27;[32mGiven &amp#27;[0m&amp#27;[32mthe backend base URL is set&amp#27;[0m                                                  &amp#27;[90m# j3s.qa.tests.steps.ApiStepDefs.the_backend_base_url_is_set()&amp#27;[0m
  &amp#27;[32mWhen &amp#27;[0m&amp#27;[32mI create a user with name &amp#27;[0m&amp#27;[32m&amp#27;[1m"NoAuth"&amp#27;[0m&amp#27;[32m email &amp#27;[0m&amp#27;[32m&amp#27;[1m"noauth@example.com"&amp#27;[0m&amp#27;[32m type &amp#27;[0m&amp#27;[32m&amp#27;[1m"standard"&amp#27;[0m &amp#27;[90m# j3s.qa.tests.steps.ApiStepDefs.i_create_user(java.lang.String,java.lang.String,java.lang.String)&amp#27;[0m
  &amp#27;[32mThen &amp#27;[0m&amp#27;[32mthe response code should be &amp#27;[0m&amp#27;[32m&amp#27;[1m200&amp#27;[0m                                               &amp#27;[90m# j3s.qa.tests.steps.ApiStepDefs.the_response_code_should_be(java.lang.Integer)&amp#27;[0m
  &amp#27;[32mAnd &amp#27;[0m&amp#27;[32mthe response json path &amp#27;[0m&amp#27;[32m&amp#27;[1m"success"&amp#27;[0m&amp#27;[32m should be true&amp#27;[0m                                &amp#27;[90m# j3s.qa.tests.steps.ApiStepDefs.the_response_json_path_should_be_true(java.lang.String)&amp#27;[0m
]]></system-out>
  </testcase>
  <testcase name="User registration flow" classname="UI flows on mock frontend" time="2.23">
    <system-out><![CDATA[
Scenario: User registration flow                                      &amp#27;[90m# features/ui_flows.feature:7&amp#27;[0m
  &amp#27;[32mGiven &amp#27;[0m&amp#27;[32mthe mock UI server is running&amp#27;[0m                                 &amp#27;[90m# j3s.qa.tests.steps.UiStepDefs.mock_ui_running()&amp#27;[0m
  &amp#27;[32mAnd &amp#27;[0m&amp#27;[32mthe backend base URL is set&amp#27;[0m                                     &amp#27;[90m# j3s.qa.tests.steps.ApiStepDefs.the_backend_base_url_is_set()&amp#27;[0m
************getting driver....
2025-09-28T14:56:51.183-07:00  INFO 30688 --- [           main] i.g.bonigarcia.wdm.WebDriverManager      : Using chromedriver 140.0.7339.207 (resolved driver for Chrome 140)
2025-09-28T14:56:51.198-07:00  INFO 30688 --- [           main] i.g.bonigarcia.wdm.WebDriverManager      : Exporting webdriver.chrome.driver as /Users/sivanesan.murugesan/.cache/selenium/chromedriver/mac64/140.0.7339.207/chromedriver
2025-09-28T14:56:52.139-07:00  WARN 30688 --- [           main] o.o.selenium.devtools.CdpVersionFinder   : Unable to find CDP implementation matching 140
2025-09-28T14:56:52.139-07:00  WARN 30688 --- [           main] o.o.selenium.chromium.ChromiumDriver     : Unable to find version of CDP to use for 140.0.7339.208. You may need to include a dependency on a specific version of the CDP using something similar to `org.seleniumhq.selenium:selenium-devtools-v86:4.19.1` where the version ("v86") matches the version of the chromium-based browser you're using and the version number of the artifact is the same as Selenium's.
  &amp#27;[32mWhen &amp#27;[0m&amp#27;[32mI open the mock UI&amp#27;[0m                                             &amp#27;[90m# j3s.qa.tests.steps.UiStepDefs.open_mock_ui()&amp#27;[0m
  &amp#27;[32mAnd &amp#27;[0m&amp#27;[32mI register user &amp#27;[0m&amp#27;[32m&amp#27;[1m"Jane Roe"&amp#27;[0m&amp#27;[32m with &amp#27;[0m&amp#27;[32m&amp#27;[1m"jane@example.com"&amp#27;[0m&amp#27;[32m as &amp#27;[0m&amp#27;[32m&amp#27;[1m"premium"&amp#27;[0m &amp#27;[90m# j3s.qa.tests.steps.UiStepDefs.register_user(java.lang.String,java.lang.String,java.lang.String)&amp#27;[0m
  &amp#27;[32mThen &amp#27;[0m&amp#27;[32mI should see a status message containing &amp#27;[0m&amp#27;[32m&amp#27;[1m"User created"&amp#27;[0m        &amp#27;[90m# j3s.qa.tests.steps.UiStepDefs.i_should_see_a_status_message_containing(java.lang.String)&amp#27;[0m
]]></system-out>
  </testcase>
  <testcase name="Transaction creation flow" classname="UI flows on mock frontend" time="8.606">
    <system-out><![CDATA[
Scenario: Transaction creation flow                                  &amp#27;[90m# features/ui_flows.feature:12&amp#27;[0m
  &amp#27;[32mGiven &amp#27;[0m&amp#27;[32mthe mock UI server is running&amp#27;[0m                                &amp#27;[90m# j3s.qa.tests.steps.UiStepDefs.mock_ui_running()&amp#27;[0m
  &amp#27;[32mAnd &amp#27;[0m&amp#27;[32mthe backend base URL is set&amp#27;[0m                                    &amp#27;[90m# j3s.qa.tests.steps.ApiStepDefs.the_backend_base_url_is_set()&amp#27;[0m
************getting driver....
2025-09-28T14:56:53.248-07:00  INFO 30688 --- [           main] i.g.bonigarcia.wdm.WebDriverManager      : Using chromedriver 140.0.7339.207 (resolved driver for Chrome 140)
2025-09-28T14:56:53.254-07:00  INFO 30688 --- [           main] i.g.bonigarcia.wdm.WebDriverManager      : Exporting webdriver.chrome.driver as /Users/sivanesan.murugesan/.cache/selenium/chromedriver/mac64/140.0.7339.207/chromedriver
2025-09-28T14:56:53.909-07:00  WARN 30688 --- [           main] o.o.selenium.devtools.CdpVersionFinder   : Unable to find CDP implementation matching 140
2025-09-28T14:56:53.910-07:00  WARN 30688 --- [           main] o.o.selenium.chromium.ChromiumDriver     : Unable to find version of CDP to use for 140.0.7339.208. You may need to include a dependency on a specific version of the CDP using something similar to `org.seleniumhq.selenium:selenium-devtools-v86:4.19.1` where the version ("v86") matches the version of the chromium-based browser you're using and the version number of the artifact is the same as Selenium's.
  &amp#27;[32mWhen &amp#27;[0m&amp#27;[32mI open the mock UI&amp#27;[0m                                            &amp#27;[90m# j3s.qa.tests.steps.UiStepDefs.open_mock_ui()&amp#27;[0m
****user 'alice+1759096614061@example.com' in row: 230 NoAuth noauth@example.com standard 1000.00
****user 'alice+1759096614061@example.com' in row: 110 Low low@example.com standard 1000.00
****user 'alice+1759096614061@example.com' in row: 231 Jane Roe jane@example.com premium 1000.00
****user 'alice+1759096614061@example.com' in row: 111 Rich rich@example.com standard 1000.00
****user 'alice+1759096614061@example.com' in row: 232 John Doe john@example.com premium 1000.00
****user 'alice+1759096614061@example.com' in row: 112 NoAuth noauth@example.com standard 1000.00
****user 'alice+1759096614061@example.com' in row: 233 Alice alice@example.com standard 1050.25
****user 'alice+1759096614061@example.com' in row: 113 John Doe john@example.com premium 1000.00
****user 'alice+1759096614061@example.com' in row: 234 Bob bob@example.com standard 949.75
****user 'alice+1759096614061@example.com' in row: 114 Alice alice@example.com standard 1050.25
****user 'alice+1759096614061@example.com' in row: 235 Low low@example.com standard 1000.00
****user 'alice+1759096614061@example.com' in row: 115 Bob bob@example.com standard 949.75
****user 'alice+1759096614061@example.com' in row: 236 Rich rich@example.com standard 1000.00
****user 'alice+1759096614061@example.com' in row: 116 Low low@example.com standard 1000.00
****user 'alice+1759096614061@example.com' in row: 237 NoAuth noauth@example.com standard 1000.00
****user 'alice+1759096614061@example.com' in row: 117 Rich rich@example.com standard 1000.00
****user 'alice+1759096614061@example.com' in row: 238 jai jai@gmail standard 1000.00
****user 'alice+1759096614061@example.com' in row: 118 NoAuth noauth@example.com standard 1000.00
****user 'alice+1759096614061@example.com' in row: 239 jai jai@gmail standard 1000.00
****user 'alice+1759096614061@example.com' in row: 119 John Doe john@example.com premium 1000.00
****user 'alice+1759096614061@example.com' in row: 240 jai jai@gmail standard 1000.00
****user 'alice+1759096614061@example.com' in row: 120 Alice alice@example.com standard 1050.25
****user 'alice+1759096614061@example.com' in row: 241 jai jai@gmail standard 1000.00
****user 'alice+1759096614061@example.com' in row: 121 Bob bob@example.com standard 949.75
****user 'alice+1759096614061@example.com' in row: 242 jai jai@gmail standard 1000.00
****user 'alice+1759096614061@example.com' in row: 122 Low low@example.com standard 1000.00
****user 'alice+1759096614061@example.com' in row: 243 jai jai@gmail standard 1000.00
****user 'alice+1759096614061@example.com' in row: 123 Rich rich@example.com standard 1000.00
****user 'alice+1759096614061@example.com' in row: 244 jai jai@gmail standard 1000.00
****user 'alice+1759096614061@example.com' in row: 124 NoAuth noauth@example.com standard 1000.00
****user 'alice+1759096614061@example.com' in row: 245 John Doe john@example.com premium 1000.00
****user 'alice+1759096614061@example.com' in row: 125 John Doe john@example.com premium 1000.00
****user 'alice+1759096614061@example.com' in row: 246 Alice alice@example.com standard 1050.25
****user 'alice+1759096614061@example.com' in row: 126 Alice alice@example.com standard 1050.25
****user 'alice+1759096614061@example.com' in row: 247 Bob bob@example.com standard 949.75
****user 'alice+1759096614061@example.com' in row: 127 Bob bob@example.com standard 949.75
****user 'alice+1759096614061@example.com' in row: 248 Low low@example.com standard 1000.00
****user 'alice+1759096614061@example.com' in row: 128 Low low@example.com standard 1000.00
****user 'alice+1759096614061@example.com' in row: 249 Rich rich@example.com standard 1000.00
****user 'alice+1759096614061@example.com' in row: 129 Rich rich@example.com standard 1000.00
****user 'alice+1759096614061@example.com' in row: 250 NoAuth noauth@example.com standard 1000.00
****user 'alice+1759096614061@example.com' in row: 130 NoAuth noauth@example.com standard 1000.00
****user 'alice+1759096614061@example.com' in row: 251 John Doe john@example.com premium 1000.00
****user 'alice+1759096614061@example.com' in row: 131 John Doe john@example.com premium 1000.00
****user 'alice+1759096614061@example.com' in row: 252 Alice alice@example.com standard 1050.25
****user 'alice+1759096614061@example.com' in row: 132 Alice alice@example.com standard 1050.25
****user 'alice+1759096614061@example.com' in row: 253 Bob bob@example.com standard 949.75
****user 'alice+1759096614061@example.com' in row: 133 Bob bob@example.com standard 949.75
****user 'alice+1759096614061@example.com' in row: 254 Low low@example.com standard 1000.00
****user 'alice+1759096614061@example.com' in row: 134 Low low@example.com standard 1000.00
****user 'alice+1759096614061@example.com' in row: 255 Rich rich@example.com standard 1000.00
****user 'alice+1759096614061@example.com' in row: 135 Rich rich@example.com standard 1000.00
****user 'alice+1759096614061@example.com' in row: 256 NoAuth noauth@example.com standard 1000.00
****user 'alice+1759096614061@example.com' in row: 136 NoAuth noauth@example.com standard 1000.00
****user 'alice+1759096614061@example.com' in row: 257 Alice alice+1759091035833@example.com standard 1000.00
****user 'alice+1759096614061@example.com' in row: 137 John Doe john@example.com premium 1000.00
****user 'alice+1759096614061@example.com' in row: 258 Bob bob+1759091037655@example.com standard 1000.00
****user 'alice+1759096614061@example.com' in row: 138 Alice alice@example.com standard 1050.25
****user 'alice+1759096614061@example.com' in row: 259 John Doe john@example.com premium 1000.00
****user 'alice+1759096614061@example.com' in row: 139 Bob bob@example.com standard 949.75
****user 'alice+1759096614061@example.com' in row: 260 Alice alice@example.com standard 1050.25
****user 'alice+1759096614061@example.com' in row: 140 Low low@example.com standard 1000.00
****user 'alice+1759096614061@example.com' in row: 261 Bob bob@example.com standard 949.75
****user 'alice+1759096614061@example.com' in row: 141 Rich rich@example.com standard 1000.00
****user 'alice+1759096614061@example.com' in row: 262 Low low@example.com standard 1000.00
****user 'alice+1759096614061@example.com' in row: 142 NoAuth noauth@example.com standard 1000.00
****user 'alice+1759096614061@example.com' in row: 263 Rich rich@example.com standard 1000.00
****user 'alice+1759096614061@example.com' in row: 143 John Doe john@example.com premium 1000.00
****user 'alice+1759096614061@example.com' in row: 264 NoAuth noauth@example.com standard 1000.00
****user 'alice+1759096614061@example.com' in row: 144 Alice alice@example.com standard 1050.25
****user 'alice+1759096614061@example.com' in row: 265 Alice alice+1759091565158@example.com standard 1000.00
****user 'alice+1759096614061@example.com' in row: 145 Bob bob@example.com standard 949.75
****user 'alice+1759096614061@example.com' in row: 266 Bob bob+1759091567253@example.com standard 1000.00
****user 'alice+1759096614061@example.com' in row: 146 Low low@example.com standard 1000.00
****user 'alice+1759096614061@example.com' in row: 267 John Doe john@example.com premium 1000.00
****user 'alice+1759096614061@example.com' in row: 147 Rich rich@example.com standard 1000.00
****user 'alice+1759096614061@example.com' in row: 268 Alice alice@example.com standard 1050.25
****user 'alice+1759096614061@example.com' in row: 148 NoAuth noauth@example.com standard 1000.00
****user 'alice+1759096614061@example.com' in row: 269 Bob bob@example.com standard 949.75
****user 'alice+1759096614061@example.com' in row: 149 John Doe john@example.com premium 1000.00
****user 'alice+1759096614061@example.com' in row: 270 Low low@example.com standard 1000.00
****user 'alice+1759096614061@example.com' in row: 150 Alice alice@example.com standard 1050.25
****user 'alice+1759096614061@example.com' in row: 271 Rich rich@example.com standard 1000.00
****user 'alice+1759096614061@example.com' in row: 151 Bob bob@example.com standard 949.75
****user 'alice+1759096614061@example.com' in row: 272 NoAuth noauth@example.com standard 1000.00
****user 'alice+1759096614061@example.com' in row: 152 Low low@example.com standard 1000.00
****user 'alice+1759096614061@example.com' in row: 273 Alice alice+1759091629995@example.com standard 1000.00
****user 'alice+1759096614061@example.com' in row: 153 Rich rich@example.com standard 1000.00
****user 'alice+1759096614061@example.com' in row: 274 Bob bob+1759091632273@example.com standard 1000.00
****user 'alice+1759096614061@example.com' in row: 154 NoAuth noauth@example.com standard 1000.00
****user 'alice+1759096614061@example.com' in row: 275 John Doe john@example.com premium 1000.00
****user 'alice+1759096614061@example.com' in row: 155 John Doe john@example.com premium 1000.00
****user 'alice+1759096614061@example.com' in row: 276 Alice alice@example.com standard 1050.25
****user 'alice+1759096614061@example.com' in row: 156 Alice alice@example.com standard 1050.25
****user 'alice+1759096614061@example.com' in row: 277 Bob bob@example.com standard 949.75
****user 'alice+1759096614061@example.com' in row: 157 Bob bob@example.com standard 949.75
****user 'alice+1759096614061@example.com' in row: 278 Low low@example.com standard 1000.00
****user 'alice+1759096614061@example.com' in row: 158 Low low@example.com standard 1000.00
****user 'alice+1759096614061@example.com' in row: 279 Rich rich@example.com standard 1000.00
****user 'alice+1759096614061@example.com' in row: 159 Rich rich@example.com standard 1000.00
****user 'alice+1759096614061@example.com' in row: 280 NoAuth noauth@example.com standard 1000.00
****user 'alice+1759096614061@example.com' in row: 160 NoAuth noauth@example.com standard 1000.00
****user 'alice+1759096614061@example.com' in row: 281 John Doe john@example.com premium 1000.00
****user 'alice+1759096614061@example.com' in row: 161 John Doe john@example.com premium 1000.00
****user 'alice+1759096614061@example.com' in row: 282 Alice alice@example.com standard 1050.25
****user 'alice+1759096614061@example.com' in row: 162 Alice alice@example.com standard 1050.25
****user 'alice+1759096614061@example.com' in row: 283 Bob bob@example.com standard 949.75
****user 'alice+1759096614061@example.com' in row: 163 Bob bob@example.com standard 949.75
****user 'alice+1759096614061@example.com' in row: 284 Low low@example.com standard 1000.00
****user 'alice+1759096614061@example.com' in row: 164 Low low@example.com standard 1000.00
****user 'alice+1759096614061@example.com' in row: 285 Rich rich@example.com standard 1000.00
****user 'alice+1759096614061@example.com' in row: 165 Rich rich@example.com standard 1000.00
****user 'alice+1759096614061@example.com' in row: 286 NoAuth noauth@example.com standard 1000.00
****user 'alice+1759096614061@example.com' in row: 166 NoAuth noauth@example.com standard 1000.00
****user 'alice+1759096614061@example.com' in row: 287 Alice alice+1759092142789@example.com standard 1000.00
****user 'alice+1759096614061@example.com' in row: 167 John Doe john@example.com premium 1000.00
****user 'alice+1759096614061@example.com' in row: 288 Bob bob+1759092145943@example.com standard 1000.00
****user 'alice+1759096614061@example.com' in row: 168 Alice alice@example.com standard 1050.25
****user 'alice+1759096614061@example.com' in row: 289 John Doe john@example.com premium 1000.00
****user 'alice+1759096614061@example.com' in row: 169 Bob bob@example.com standard 949.75
****user 'alice+1759096614061@example.com' in row: 290 Alice alice@example.com standard 1050.25
****user 'alice+1759096614061@example.com' in row: 170 Low low@example.com standard 1000.00
****user 'alice+1759096614061@example.com' in row: 291 Bob bob@example.com standard 949.75
****user 'alice+1759096614061@example.com' in row: 171 Rich rich@example.com standard 1000.00
****user 'alice+1759096614061@example.com' in row: 292 Low low@example.com standard 1000.00
****user 'alice+1759096614061@example.com' in row: 172 NoAuth noauth@example.com standard 1000.00
****user 'alice+1759096614061@example.com' in row: 293 Rich rich@example.com standard 1000.00
****user 'alice+1759096614061@example.com' in row: 173 Alice alice+1759088118139@example.com standard 1000.00
****user 'alice+1759096614061@example.com' in row: 294 NoAuth noauth@example.com standard 1000.00
****user 'alice+1759096614061@example.com' in row: 174 Bob bob+1759088118897@example.com standard 1000.00
****user 'alice+1759096614061@example.com' in row: 295 Jane Roe jane@example.com premium 1000.00
****user 'alice+1759096614061@example.com' in row: 175 Alice alice+1759088262893@example.com standard 1000.00
****user 'alice+1759096614061@example.com' in row: 296 Alice alice+1759092171871@example.com standard 1000.00
****user 'alice+1759096614061@example.com' in row: 176 Bob bob+1759088263677@example.com standard 1000.00
****user 'alice+1759096614061@example.com' in row: 297 Bob bob+1759092174791@example.com standard 1000.00
****user 'alice+1759096614061@example.com' in row: 177 John Doe john@example.com premium 1000.00
****user 'alice+1759096614061@example.com' in row: 298 John Doe john@example.com premium 1000.00
****user 'alice+1759096614061@example.com' in row: 178 Alice alice@example.com standard 1050.25
****user 'alice+1759096614061@example.com' in row: 299 Alice alice@example.com standard 1050.25
****user 'alice+1759096614061@example.com' in row: 179 Bob bob@example.com standard 949.75
****user 'alice+1759096614061@example.com' in row: 180 Low low@example.com standard 1000.00
****user 'alice+1759096614061@example.com' in row: 181 Rich rich@example.com standard 1000.00
****user 'alice+1759096614061@example.com' in row: 182 NoAuth noauth@example.com standard 1000.00
****user 'alice+1759096614061@example.com' in row: 183 Alice alice+1759088326698@example.com standard 1000.00
****user 'alice+1759096614061@example.com' in row: 184 Bob bob+1759088327469@example.com standard 1000.00
****user 'alice+1759096614061@example.com' in row: 185 John Doe john@example.com premium 1000.00
****user 'alice+1759096614061@example.com' in row: 186 Alice alice@example.com standard 1050.25
****user 'alice+1759096614061@example.com' in row: 187 Bob bob@example.com standard 949.75
****user 'alice+1759096614061@example.com' in row: 188 Low low@example.com standard 1000.00
****user 'alice+1759096614061@example.com' in row: 189 Rich rich@example.com standard 1000.00
****user 'alice+1759096614061@example.com' in row: 190 NoAuth noauth@example.com standard 1000.00
****user 'alice+1759096614061@example.com' in row: 191 Alice alice+1759088623728@example.com standard 1000.00
****user 'alice+1759096614061@example.com' in row: 192 Bob bob+1759088624511@example.com standard 1000.00
****user 'alice+1759096614061@example.com' in row: 193 John Doe john@example.com premium 1000.00
****user 'alice+1759096614061@example.com' in row: 194 Alice alice@example.com standard 1050.25
****user 'alice+1759096614061@example.com' in row: 195 Bob bob@example.com standard 949.75
****user 'alice+1759096614061@example.com' in row: 196 Low low@example.com standard 1000.00
****user 'alice+1759096614061@example.com' in row: 197 Rich rich@example.com standard 1000.00
****user 'alice+1759096614061@example.com' in row: 198 NoAuth noauth@example.com standard 1000.00
****user 'alice+1759096614061@example.com' in row: 199 Alice alice+1759088639832@example.com standard 1000.00
****user 'alice+1759096614061@example.com' in row: 300 Bob bob@example.com standard 949.75
****user 'alice+1759096614061@example.com' in row: 301 Low low@example.com standard 1000.00
****user 'alice+1759096614061@example.com' in row: 302 Rich rich@example.com standard 1000.00
****user 'alice+1759096614061@example.com' in row: 303 NoAuth noauth@example.com standard 1000.00
****user 'alice+1759096614061@example.com' in row: 304 Jane Roe jane@example.com premium 1000.00
****user 'alice+1759096614061@example.com' in row: 305 Alice alice+1759092317547@example.com standard 1000.00
****user 'alice+1759096614061@example.com' in row: 306 Bob bob+1759092320782@example.com standard 1000.00
****user 'alice+1759096614061@example.com' in row: 307 John Doe john@example.com premium 1000.00
****user 'alice+1759096614061@example.com' in row: 308 Alice alice@example.com standard 1050.25
****user 'alice+1759096614061@example.com' in row: 309 Bob bob@example.com standard 949.75
****user 'alice+1759096614061@example.com' in row: 310 Low low@example.com standard 1000.00
****user 'alice+1759096614061@example.com' in row: 311 Rich rich@example.com standard 1000.00
****user 'alice+1759096614061@example.com' in row: 312 NoAuth noauth@example.com standard 1000.00
****user 'alice+1759096614061@example.com' in row: 313 Jane Roe jane@example.com premium 1000.00
****user 'alice+1759096614061@example.com' in row: 314 Alice alice+1759092395394@example.com standard 1000.00
****user 'alice+1759096614061@example.com' in row: 315 Bob bob+1759092398825@example.com standard 1000.00
****user 'alice+1759096614061@example.com' in row: 316 John Doe john@example.com premium 1000.00
****user 'alice+1759096614061@example.com' in row: 317 Alice alice@example.com standard 1050.25
****user 'alice+1759096614061@example.com' in row: 318 Bob bob@example.com standard 949.75
****user 'alice+1759096614061@example.com' in row: 319 Low low@example.com standard 1000.00
****user 'alice+1759096614061@example.com' in row: 320 Rich rich@example.com standard 1000.00
****user 'alice+1759096614061@example.com' in row: 200 Bob bob+1759088640618@example.com standard 1000.00
****user 'alice+1759096614061@example.com' in row: 321 NoAuth noauth@example.com standard 1000.00
****user 'alice+1759096614061@example.com' in row: 201 John Doe john@example.com premium 1000.00
****user 'alice+1759096614061@example.com' in row: 322 Jane Roe jane@example.com premium 1000.00
****user 'alice+1759096614061@example.com' in row: 202 Alice alice@example.com standard 1050.25
****user 'alice+1759096614061@example.com' in row: 323 Alice alice+1759096233896@example.com standard 1000.00
****user 'alice+1759096614061@example.com' in row: 203 Bob bob@example.com standard 949.75
****user 'alice+1759096614061@example.com' in row: 324 Bob bob+1759096237149@example.com standard 1000.00
****user 'alice+1759096614061@example.com' in row: 204 Low low@example.com standard 1000.00
****user 'alice+1759096614061@example.com' in row: 325 John Doe john@example.com premium 1000.00
****user 'alice+1759096614061@example.com' in row: 205 Rich rich@example.com standard 1000.00
****user 'alice+1759096614061@example.com' in row: 326 Alice alice@example.com standard 1050.25
****user 'alice+1759096614061@example.com' in row: 206 NoAuth noauth@example.com standard 1000.00
****user 'alice+1759096614061@example.com' in row: 327 Bob bob@example.com standard 949.75
****user 'alice+1759096614061@example.com' in row: 207 Alice alice+1759088968798@example.com standard 1000.00
****user 'alice+1759096614061@example.com' in row: 328 Low low@example.com standard 1000.00
****user 'alice+1759096614061@example.com' in row: 208 Bob bob+1759088969619@example.com standard 1000.00
****user 'alice+1759096614061@example.com' in row: 329 Rich rich@example.com standard 1000.00
****user 'alice+1759096614061@example.com' in row: 209 John Doe john@example.com premium 1000.00
****user 'alice+1759096614061@example.com' in row: 330 NoAuth noauth@example.com standard 1000.00
****user 'alice+1759096614061@example.com' in row: 210 Alice alice@example.com standard 1050.25
****user 'alice+1759096614061@example.com' in row: 331 Jane Roe jane@example.com premium 1000.00
****user 'alice+1759096614061@example.com' in row: 211 Bob bob@example.com standard 949.75
****user 'alice+1759096614061@example.com' in row: 332 Alice alice+1759096496704@example.com standard 989.50
****user 'alice+1759096614061@example.com' in row: 212 Low low@example.com standard 1000.00
****user 'alice+1759096614061@example.com' in row: 333 Bob bob+1759096500242@example.com standard 1010.50
****user 'alice+1759096614061@example.com' in row: 213 Rich rich@example.com standard 1000.00
****user 'alice+1759096614061@example.com' in row: 334 John Doe john@example.com premium 1000.00
****user 'alice+1759096614061@example.com' in row: 214 NoAuth noauth@example.com standard 1000.00
****user 'alice+1759096614061@example.com' in row: 335 Alice alice@example.com standard 1050.25
****user 'alice+1759096614061@example.com' in row: 215 Alice alice+1759089076412@example.com standard 1000.00
****user 'alice+1759096614061@example.com' in row: 336 Bob bob@example.com standard 949.75
****user 'alice+1759096614061@example.com' in row: 216 Bob bob+1759089077231@example.com standard 1000.00
****user 'alice+1759096614061@example.com' in row: 337 Low low@example.com standard 1000.00
****user 'alice+1759096614061@example.com' in row: 217 jai jai@gmail.com standard 1000.00
****user 'alice+1759096614061@example.com' in row: 338 Rich rich@example.com standard 1000.00
****user 'alice+1759096614061@example.com' in row: 218 John Doe john@example.com premium 1000.00
****user 'alice+1759096614061@example.com' in row: 339 NoAuth noauth@example.com standard 1000.00
****user 'alice+1759096614061@example.com' in row: 219 Alice alice@example.com standard 1050.25
****user 'alice+1759096614061@example.com' in row: 340 Jane Roe jane@example.com premium 1000.00
****user 'alice+1759096614061@example.com' in row: 220 Bob bob@example.com standard 949.75
****user 'alice+1759096614061@example.com' in row: 341 Alice alice+1759096614061@example.com standard 1000.00
Found user 'alice+1759096614061@example.com' in row: 341 Alice alice+1759096614061@example.com standard 1000.00
****** newUserId: 341
****user 'bob+1759096618026@example.com' in row: 230 NoAuth noauth@example.com standard 1000.00
****user 'bob+1759096618026@example.com' in row: 110 Low low@example.com standard 1000.00
****user 'bob+1759096618026@example.com' in row: 231 Jane Roe jane@example.com premium 1000.00
****user 'bob+1759096618026@example.com' in row: 111 Rich rich@example.com standard 1000.00
****user 'bob+1759096618026@example.com' in row: 232 John Doe john@example.com premium 1000.00
****user 'bob+1759096618026@example.com' in row: 112 NoAuth noauth@example.com standard 1000.00
****user 'bob+1759096618026@example.com' in row: 233 Alice alice@example.com standard 1050.25
****user 'bob+1759096618026@example.com' in row: 113 John Doe john@example.com premium 1000.00
****user 'bob+1759096618026@example.com' in row: 234 Bob bob@example.com standard 949.75
****user 'bob+1759096618026@example.com' in row: 114 Alice alice@example.com standard 1050.25
****user 'bob+1759096618026@example.com' in row: 235 Low low@example.com standard 1000.00
****user 'bob+1759096618026@example.com' in row: 115 Bob bob@example.com standard 949.75
****user 'bob+1759096618026@example.com' in row: 236 Rich rich@example.com standard 1000.00
****user 'bob+1759096618026@example.com' in row: 116 Low low@example.com standard 1000.00
****user 'bob+1759096618026@example.com' in row: 237 NoAuth noauth@example.com standard 1000.00
****user 'bob+1759096618026@example.com' in row: 117 Rich rich@example.com standard 1000.00
****user 'bob+1759096618026@example.com' in row: 238 jai jai@gmail standard 1000.00
****user 'bob+1759096618026@example.com' in row: 118 NoAuth noauth@example.com standard 1000.00
****user 'bob+1759096618026@example.com' in row: 239 jai jai@gmail standard 1000.00
****user 'bob+1759096618026@example.com' in row: 119 John Doe john@example.com premium 1000.00
****user 'bob+1759096618026@example.com' in row: 240 jai jai@gmail standard 1000.00
****user 'bob+1759096618026@example.com' in row: 120 Alice alice@example.com standard 1050.25
****user 'bob+1759096618026@example.com' in row: 241 jai jai@gmail standard 1000.00
****user 'bob+1759096618026@example.com' in row: 121 Bob bob@example.com standard 949.75
****user 'bob+1759096618026@example.com' in row: 242 jai jai@gmail standard 1000.00
****user 'bob+1759096618026@example.com' in row: 122 Low low@example.com standard 1000.00
****user 'bob+1759096618026@example.com' in row: 243 jai jai@gmail standard 1000.00
****user 'bob+1759096618026@example.com' in row: 123 Rich rich@example.com standard 1000.00
****user 'bob+1759096618026@example.com' in row: 244 jai jai@gmail standard 1000.00
****user 'bob+1759096618026@example.com' in row: 124 NoAuth noauth@example.com standard 1000.00
****user 'bob+1759096618026@example.com' in row: 245 John Doe john@example.com premium 1000.00
****user 'bob+1759096618026@example.com' in row: 125 John Doe john@example.com premium 1000.00
****user 'bob+1759096618026@example.com' in row: 246 Alice alice@example.com standard 1050.25
****user 'bob+1759096618026@example.com' in row: 126 Alice alice@example.com standard 1050.25
****user 'bob+1759096618026@example.com' in row: 247 Bob bob@example.com standard 949.75
****user 'bob+1759096618026@example.com' in row: 127 Bob bob@example.com standard 949.75
****user 'bob+1759096618026@example.com' in row: 248 Low low@example.com standard 1000.00
****user 'bob+1759096618026@example.com' in row: 128 Low low@example.com standard 1000.00
****user 'bob+1759096618026@example.com' in row: 249 Rich rich@example.com standard 1000.00
****user 'bob+1759096618026@example.com' in row: 129 Rich rich@example.com standard 1000.00
****user 'bob+1759096618026@example.com' in row: 250 NoAuth noauth@example.com standard 1000.00
****user 'bob+1759096618026@example.com' in row: 130 NoAuth noauth@example.com standard 1000.00
****user 'bob+1759096618026@example.com' in row: 251 John Doe john@example.com premium 1000.00
****user 'bob+1759096618026@example.com' in row: 131 John Doe john@example.com premium 1000.00
****user 'bob+1759096618026@example.com' in row: 252 Alice alice@example.com standard 1050.25
****user 'bob+1759096618026@example.com' in row: 132 Alice alice@example.com standard 1050.25
****user 'bob+1759096618026@example.com' in row: 253 Bob bob@example.com standard 949.75
****user 'bob+1759096618026@example.com' in row: 133 Bob bob@example.com standard 949.75
****user 'bob+1759096618026@example.com' in row: 254 Low low@example.com standard 1000.00
****user 'bob+1759096618026@example.com' in row: 134 Low low@example.com standard 1000.00
****user 'bob+1759096618026@example.com' in row: 255 Rich rich@example.com standard 1000.00
****user 'bob+1759096618026@example.com' in row: 135 Rich rich@example.com standard 1000.00
****user 'bob+1759096618026@example.com' in row: 256 NoAuth noauth@example.com standard 1000.00
****user 'bob+1759096618026@example.com' in row: 136 NoAuth noauth@example.com standard 1000.00
****user 'bob+1759096618026@example.com' in row: 257 Alice alice+1759091035833@example.com standard 1000.00
****user 'bob+1759096618026@example.com' in row: 137 John Doe john@example.com premium 1000.00
****user 'bob+1759096618026@example.com' in row: 258 Bob bob+1759091037655@example.com standard 1000.00
****user 'bob+1759096618026@example.com' in row: 138 Alice alice@example.com standard 1050.25
****user 'bob+1759096618026@example.com' in row: 259 John Doe john@example.com premium 1000.00
****user 'bob+1759096618026@example.com' in row: 139 Bob bob@example.com standard 949.75
****user 'bob+1759096618026@example.com' in row: 260 Alice alice@example.com standard 1050.25
****user 'bob+1759096618026@example.com' in row: 140 Low low@example.com standard 1000.00
****user 'bob+1759096618026@example.com' in row: 261 Bob bob@example.com standard 949.75
****user 'bob+1759096618026@example.com' in row: 141 Rich rich@example.com standard 1000.00
****user 'bob+1759096618026@example.com' in row: 262 Low low@example.com standard 1000.00
****user 'bob+1759096618026@example.com' in row: 142 NoAuth noauth@example.com standard 1000.00
****user 'bob+1759096618026@example.com' in row: 263 Rich rich@example.com standard 1000.00
****user 'bob+1759096618026@example.com' in row: 143 John Doe john@example.com premium 1000.00
****user 'bob+1759096618026@example.com' in row: 264 NoAuth noauth@example.com standard 1000.00
****user 'bob+1759096618026@example.com' in row: 144 Alice alice@example.com standard 1050.25
****user 'bob+1759096618026@example.com' in row: 265 Alice alice+1759091565158@example.com standard 1000.00
****user 'bob+1759096618026@example.com' in row: 145 Bob bob@example.com standard 949.75
****user 'bob+1759096618026@example.com' in row: 266 Bob bob+1759091567253@example.com standard 1000.00
****user 'bob+1759096618026@example.com' in row: 146 Low low@example.com standard 1000.00
****user 'bob+1759096618026@example.com' in row: 267 John Doe john@example.com premium 1000.00
****user 'bob+1759096618026@example.com' in row: 147 Rich rich@example.com standard 1000.00
****user 'bob+1759096618026@example.com' in row: 268 Alice alice@example.com standard 1050.25
****user 'bob+1759096618026@example.com' in row: 148 NoAuth noauth@example.com standard 1000.00
****user 'bob+1759096618026@example.com' in row: 269 Bob bob@example.com standard 949.75
****user 'bob+1759096618026@example.com' in row: 149 John Doe john@example.com premium 1000.00
****user 'bob+1759096618026@example.com' in row: 270 Low low@example.com standard 1000.00
****user 'bob+1759096618026@example.com' in row: 150 Alice alice@example.com standard 1050.25
****user 'bob+1759096618026@example.com' in row: 271 Rich rich@example.com standard 1000.00
****user 'bob+1759096618026@example.com' in row: 151 Bob bob@example.com standard 949.75
****user 'bob+1759096618026@example.com' in row: 272 NoAuth noauth@example.com standard 1000.00
****user 'bob+1759096618026@example.com' in row: 152 Low low@example.com standard 1000.00
****user 'bob+1759096618026@example.com' in row: 273 Alice alice+1759091629995@example.com standard 1000.00
****user 'bob+1759096618026@example.com' in row: 153 Rich rich@example.com standard 1000.00
****user 'bob+1759096618026@example.com' in row: 274 Bob bob+1759091632273@example.com standard 1000.00
****user 'bob+1759096618026@example.com' in row: 154 NoAuth noauth@example.com standard 1000.00
****user 'bob+1759096618026@example.com' in row: 275 John Doe john@example.com premium 1000.00
****user 'bob+1759096618026@example.com' in row: 155 John Doe john@example.com premium 1000.00
****user 'bob+1759096618026@example.com' in row: 276 Alice alice@example.com standard 1050.25
****user 'bob+1759096618026@example.com' in row: 156 Alice alice@example.com standard 1050.25
****user 'bob+1759096618026@example.com' in row: 277 Bob bob@example.com standard 949.75
****user 'bob+1759096618026@example.com' in row: 157 Bob bob@example.com standard 949.75
****user 'bob+1759096618026@example.com' in row: 278 Low low@example.com standard 1000.00
****user 'bob+1759096618026@example.com' in row: 158 Low low@example.com standard 1000.00
****user 'bob+1759096618026@example.com' in row: 279 Rich rich@example.com standard 1000.00
****user 'bob+1759096618026@example.com' in row: 159 Rich rich@example.com standard 1000.00
****user 'bob+1759096618026@example.com' in row: 280 NoAuth noauth@example.com standard 1000.00
****user 'bob+1759096618026@example.com' in row: 160 NoAuth noauth@example.com standard 1000.00
****user 'bob+1759096618026@example.com' in row: 281 John Doe john@example.com premium 1000.00
****user 'bob+1759096618026@example.com' in row: 161 John Doe john@example.com premium 1000.00
****user 'bob+1759096618026@example.com' in row: 282 Alice alice@example.com standard 1050.25
****user 'bob+1759096618026@example.com' in row: 162 Alice alice@example.com standard 1050.25
****user 'bob+1759096618026@example.com' in row: 283 Bob bob@example.com standard 949.75
****user 'bob+1759096618026@example.com' in row: 163 Bob bob@example.com standard 949.75
****user 'bob+1759096618026@example.com' in row: 284 Low low@example.com standard 1000.00
****user 'bob+1759096618026@example.com' in row: 164 Low low@example.com standard 1000.00
****user 'bob+1759096618026@example.com' in row: 285 Rich rich@example.com standard 1000.00
****user 'bob+1759096618026@example.com' in row: 165 Rich rich@example.com standard 1000.00
****user 'bob+1759096618026@example.com' in row: 286 NoAuth noauth@example.com standard 1000.00
****user 'bob+1759096618026@example.com' in row: 166 NoAuth noauth@example.com standard 1000.00
****user 'bob+1759096618026@example.com' in row: 287 Alice alice+1759092142789@example.com standard 1000.00
****user 'bob+1759096618026@example.com' in row: 167 John Doe john@example.com premium 1000.00
****user 'bob+1759096618026@example.com' in row: 288 Bob bob+1759092145943@example.com standard 1000.00
****user 'bob+1759096618026@example.com' in row: 168 Alice alice@example.com standard 1050.25
****user 'bob+1759096618026@example.com' in row: 289 John Doe john@example.com premium 1000.00
****user 'bob+1759096618026@example.com' in row: 169 Bob bob@example.com standard 949.75
****user 'bob+1759096618026@example.com' in row: 290 Alice alice@example.com standard 1050.25
****user 'bob+1759096618026@example.com' in row: 170 Low low@example.com standard 1000.00
****user 'bob+1759096618026@example.com' in row: 291 Bob bob@example.com standard 949.75
****user 'bob+1759096618026@example.com' in row: 171 Rich rich@example.com standard 1000.00
****user 'bob+1759096618026@example.com' in row: 292 Low low@example.com standard 1000.00
****user 'bob+1759096618026@example.com' in row: 172 NoAuth noauth@example.com standard 1000.00
****user 'bob+1759096618026@example.com' in row: 293 Rich rich@example.com standard 1000.00
****user 'bob+1759096618026@example.com' in row: 173 Alice alice+1759088118139@example.com standard 1000.00
****user 'bob+1759096618026@example.com' in row: 294 NoAuth noauth@example.com standard 1000.00
****user 'bob+1759096618026@example.com' in row: 174 Bob bob+1759088118897@example.com standard 1000.00
****user 'bob+1759096618026@example.com' in row: 295 Jane Roe jane@example.com premium 1000.00
****user 'bob+1759096618026@example.com' in row: 175 Alice alice+1759088262893@example.com standard 1000.00
****user 'bob+1759096618026@example.com' in row: 296 Alice alice+1759092171871@example.com standard 1000.00
****user 'bob+1759096618026@example.com' in row: 176 Bob bob+1759088263677@example.com standard 1000.00
****user 'bob+1759096618026@example.com' in row: 297 Bob bob+1759092174791@example.com standard 1000.00
****user 'bob+1759096618026@example.com' in row: 177 John Doe john@example.com premium 1000.00
****user 'bob+1759096618026@example.com' in row: 298 John Doe john@example.com premium 1000.00
****user 'bob+1759096618026@example.com' in row: 178 Alice alice@example.com standard 1050.25
****user 'bob+1759096618026@example.com' in row: 299 Alice alice@example.com standard 1050.25
****user 'bob+1759096618026@example.com' in row: 179 Bob bob@example.com standard 949.75
****user 'bob+1759096618026@example.com' in row: 180 Low low@example.com standard 1000.00
****user 'bob+1759096618026@example.com' in row: 181 Rich rich@example.com standard 1000.00
****user 'bob+1759096618026@example.com' in row: 182 NoAuth noauth@example.com standard 1000.00
****user 'bob+1759096618026@example.com' in row: 183 Alice alice+1759088326698@example.com standard 1000.00
****user 'bob+1759096618026@example.com' in row: 184 Bob bob+1759088327469@example.com standard 1000.00
****user 'bob+1759096618026@example.com' in row: 185 John Doe john@example.com premium 1000.00
****user 'bob+1759096618026@example.com' in row: 186 Alice alice@example.com standard 1050.25
****user 'bob+1759096618026@example.com' in row: 187 Bob bob@example.com standard 949.75
****user 'bob+1759096618026@example.com' in row: 188 Low low@example.com standard 1000.00
****user 'bob+1759096618026@example.com' in row: 189 Rich rich@example.com standard 1000.00
****user 'bob+1759096618026@example.com' in row: 190 NoAuth noauth@example.com standard 1000.00
****user 'bob+1759096618026@example.com' in row: 191 Alice alice+1759088623728@example.com standard 1000.00
****user 'bob+1759096618026@example.com' in row: 192 Bob bob+1759088624511@example.com standard 1000.00
****user 'bob+1759096618026@example.com' in row: 193 John Doe john@example.com premium 1000.00
****user 'bob+1759096618026@example.com' in row: 194 Alice alice@example.com standard 1050.25
****user 'bob+1759096618026@example.com' in row: 195 Bob bob@example.com standard 949.75
****user 'bob+1759096618026@example.com' in row: 196 Low low@example.com standard 1000.00
****user 'bob+1759096618026@example.com' in row: 197 Rich rich@example.com standard 1000.00
****user 'bob+1759096618026@example.com' in row: 198 NoAuth noauth@example.com standard 1000.00
****user 'bob+1759096618026@example.com' in row: 199 Alice alice+1759088639832@example.com standard 1000.00
****user 'bob+1759096618026@example.com' in row: 300 Bob bob@example.com standard 949.75
****user 'bob+1759096618026@example.com' in row: 301 Low low@example.com standard 1000.00
****user 'bob+1759096618026@example.com' in row: 302 Rich rich@example.com standard 1000.00
****user 'bob+1759096618026@example.com' in row: 303 NoAuth noauth@example.com standard 1000.00
****user 'bob+1759096618026@example.com' in row: 304 Jane Roe jane@example.com premium 1000.00
****user 'bob+1759096618026@example.com' in row: 305 Alice alice+1759092317547@example.com standard 1000.00
****user 'bob+1759096618026@example.com' in row: 306 Bob bob+1759092320782@example.com standard 1000.00
****user 'bob+1759096618026@example.com' in row: 307 John Doe john@example.com premium 1000.00
****user 'bob+1759096618026@example.com' in row: 308 Alice alice@example.com standard 1050.25
****user 'bob+1759096618026@example.com' in row: 309 Bob bob@example.com standard 949.75
****user 'bob+1759096618026@example.com' in row: 310 Low low@example.com standard 1000.00
****user 'bob+1759096618026@example.com' in row: 311 Rich rich@example.com standard 1000.00
****user 'bob+1759096618026@example.com' in row: 312 NoAuth noauth@example.com standard 1000.00
****user 'bob+1759096618026@example.com' in row: 313 Jane Roe jane@example.com premium 1000.00
****user 'bob+1759096618026@example.com' in row: 314 Alice alice+1759092395394@example.com standard 1000.00
****user 'bob+1759096618026@example.com' in row: 315 Bob bob+1759092398825@example.com standard 1000.00
****user 'bob+1759096618026@example.com' in row: 316 John Doe john@example.com premium 1000.00
****user 'bob+1759096618026@example.com' in row: 317 Alice alice@example.com standard 1050.25
****user 'bob+1759096618026@example.com' in row: 318 Bob bob@example.com standard 949.75
****user 'bob+1759096618026@example.com' in row: 319 Low low@example.com standard 1000.00
****user 'bob+1759096618026@example.com' in row: 320 Rich rich@example.com standard 1000.00
****user 'bob+1759096618026@example.com' in row: 200 Bob bob+1759088640618@example.com standard 1000.00
****user 'bob+1759096618026@example.com' in row: 321 NoAuth noauth@example.com standard 1000.00
****user 'bob+1759096618026@example.com' in row: 201 John Doe john@example.com premium 1000.00
****user 'bob+1759096618026@example.com' in row: 322 Jane Roe jane@example.com premium 1000.00
****user 'bob+1759096618026@example.com' in row: 202 Alice alice@example.com standard 1050.25
****user 'bob+1759096618026@example.com' in row: 323 Alice alice+1759096233896@example.com standard 1000.00
****user 'bob+1759096618026@example.com' in row: 203 Bob bob@example.com standard 949.75
****user 'bob+1759096618026@example.com' in row: 324 Bob bob+1759096237149@example.com standard 1000.00
****user 'bob+1759096618026@example.com' in row: 204 Low low@example.com standard 1000.00
****user 'bob+1759096618026@example.com' in row: 325 John Doe john@example.com premium 1000.00
****user 'bob+1759096618026@example.com' in row: 205 Rich rich@example.com standard 1000.00
****user 'bob+1759096618026@example.com' in row: 326 Alice alice@example.com standard 1050.25
****user 'bob+1759096618026@example.com' in row: 206 NoAuth noauth@example.com standard 1000.00
****user 'bob+1759096618026@example.com' in row: 327 Bob bob@example.com standard 949.75
****user 'bob+1759096618026@example.com' in row: 207 Alice alice+1759088968798@example.com standard 1000.00
****user 'bob+1759096618026@example.com' in row: 328 Low low@example.com standard 1000.00
****user 'bob+1759096618026@example.com' in row: 208 Bob bob+1759088969619@example.com standard 1000.00
****user 'bob+1759096618026@example.com' in row: 329 Rich rich@example.com standard 1000.00
****user 'bob+1759096618026@example.com' in row: 209 John Doe john@example.com premium 1000.00
****user 'bob+1759096618026@example.com' in row: 330 NoAuth noauth@example.com standard 1000.00
****user 'bob+1759096618026@example.com' in row: 210 Alice alice@example.com standard 1050.25
****user 'bob+1759096618026@example.com' in row: 331 Jane Roe jane@example.com premium 1000.00
****user 'bob+1759096618026@example.com' in row: 211 Bob bob@example.com standard 949.75
****user 'bob+1759096618026@example.com' in row: 332 Alice alice+1759096496704@example.com standard 989.50
****user 'bob+1759096618026@example.com' in row: 212 Low low@example.com standard 1000.00
****user 'bob+1759096618026@example.com' in row: 333 Bob bob+1759096500242@example.com standard 1010.50
****user 'bob+1759096618026@example.com' in row: 213 Rich rich@example.com standard 1000.00
****user 'bob+1759096618026@example.com' in row: 334 John Doe john@example.com premium 1000.00
****user 'bob+1759096618026@example.com' in row: 214 NoAuth noauth@example.com standard 1000.00
****user 'bob+1759096618026@example.com' in row: 335 Alice alice@example.com standard 1050.25
****user 'bob+1759096618026@example.com' in row: 215 Alice alice+1759089076412@example.com standard 1000.00
****user 'bob+1759096618026@example.com' in row: 336 Bob bob@example.com standard 949.75
****user 'bob+1759096618026@example.com' in row: 216 Bob bob+1759089077231@example.com standard 1000.00
****user 'bob+1759096618026@example.com' in row: 337 Low low@example.com standard 1000.00
****user 'bob+1759096618026@example.com' in row: 217 jai jai@gmail.com standard 1000.00
****user 'bob+1759096618026@example.com' in row: 338 Rich rich@example.com standard 1000.00
****user 'bob+1759096618026@example.com' in row: 218 John Doe john@example.com premium 1000.00
****user 'bob+1759096618026@example.com' in row: 339 NoAuth noauth@example.com standard 1000.00
****user 'bob+1759096618026@example.com' in row: 219 Alice alice@example.com standard 1050.25
****user 'bob+1759096618026@example.com' in row: 340 Jane Roe jane@example.com premium 1000.00
****user 'bob+1759096618026@example.com' in row: 220 Bob bob@example.com standard 949.75
****user 'bob+1759096618026@example.com' in row: 341 Alice alice+1759096614061@example.com standard 1000.00
****user 'bob+1759096618026@example.com' in row: 100 jai jai@example.com standard 813.00
****user 'bob+1759096618026@example.com' in row: 221 Low low@example.com standard 1000.00
****user 'bob+1759096618026@example.com' in row: 342 Bob bob+1759096618026@example.com standard 1000.00
Found user 'bob+1759096618026@example.com' in row: 342 Bob bob+1759096618026@example.com standard 1000.00
****** newUserId: 342
  &amp#27;[32mAnd &amp#27;[0m&amp#27;[32mI ensure users exist for a transfer&amp#27;[0m                            &amp#27;[90m# j3s.qa.tests.steps.UiStepDefs.i_ensure_users_exist_for_a_transfer()&amp#27;[0m
  &amp#27;[32mAnd &amp#27;[0m&amp#27;[32mI submit a transfer of &amp#27;[0m&amp#27;[32m&amp#27;[1m10.5&amp#27;[0m&amp#27;[32m between the last two created users&amp#27;[0m &amp#27;[90m# j3s.qa.tests.steps.UiStepDefs.i_submit_a_transfer_of_between_the_last_two_created_users(java.lang.Double)&amp#27;[0m
*******Rows count: 53
  &amp#27;[32mThen &amp#27;[0m&amp#27;[32mI should see the respective transaction rows&amp#27;[0m                  &amp#27;[90m# j3s.qa.tests.steps.UiStepDefs.i_should_see_the_respective_transaction_rows()&amp#27;[0m
]]></system-out>
  </testcase>
  <testcase name="Transfer to invalid recipient" classname="UI flows on mock frontend" time="1.642">
    <system-out><![CDATA[
Scenario: Transfer to invalid recipient                                         &amp#27;[90m# features/ui_flows.feature:18&amp#27;[0m
  &amp#27;[32mGiven &amp#27;[0m&amp#27;[32mthe mock UI server is running&amp#27;[0m                                           &amp#27;[90m# j3s.qa.tests.steps.UiStepDefs.mock_ui_running()&amp#27;[0m
  &amp#27;[32mAnd &amp#27;[0m&amp#27;[32mthe backend base URL is set&amp#27;[0m                                               &amp#27;[90m# j3s.qa.tests.steps.ApiStepDefs.the_backend_base_url_is_set()&amp#27;[0m
************getting driver....
2025-09-28T14:57:01.854-07:00  INFO 30688 --- [           main] i.g.bonigarcia.wdm.WebDriverManager      : Using chromedriver 140.0.7339.207 (resolved driver for Chrome 140)
2025-09-28T14:57:01.857-07:00  INFO 30688 --- [           main] i.g.bonigarcia.wdm.WebDriverManager      : Exporting webdriver.chrome.driver as /Users/sivanesan.murugesan/.cache/selenium/chromedriver/mac64/140.0.7339.207/chromedriver
2025-09-28T14:57:02.602-07:00  WARN 30688 --- [           main] o.o.selenium.devtools.CdpVersionFinder   : Unable to find CDP implementation matching 140
2025-09-28T14:57:02.603-07:00  WARN 30688 --- [           main] o.o.selenium.chromium.ChromiumDriver     : Unable to find version of CDP to use for 140.0.7339.208. You may need to include a dependency on a specific version of the CDP using something similar to `org.seleniumhq.selenium:selenium-devtools-v86:4.19.1` where the version ("v86") matches the version of the chromium-based browser you're using and the version number of the artifact is the same as Selenium's.
  &amp#27;[32mWhen &amp#27;[0m&amp#27;[32mI open the mock UI&amp#27;[0m                                                       &amp#27;[90m# j3s.qa.tests.steps.UiStepDefs.open_mock_ui()&amp#27;[0m
  &amp#27;[32mAnd &amp#27;[0m&amp#27;[32mI submit a transfer to a invalid recipient&amp#27;[0m                                &amp#27;[90m# j3s.qa.tests.steps.UiStepDefs.i_submit_a_transfer_to_a_invalid_recipient()&amp#27;[0m
  &amp#27;[32mThen &amp#27;[0m&amp#27;[32mI should see a status message containing &amp#27;[0m&amp#27;[32m&amp#27;[1m"Invalid userId or recipientId"&amp#27;[0m &amp#27;[90m# j3s.qa.tests.steps.UiStepDefs.i_should_see_a_status_message_containing(java.lang.String)&amp#27;[0m
]]></system-out>
  </testcase>
</testsuite>